<?xml version="1.0" encoding="UTF-8"?>
<!-- Generated by org.testng.reporters.JUnitReportReporter -->
<testsuite hostname="DESKTOP-ENVFPHJ" failures="0" tests="1" name="com.Bilal_AbbasIshq.Bilal_AbbasIshq.windowhandle" time="70.209" errors="0" timestamp="2024-05-11T13:53:50 EDT" skipped="0">
  <testcase classname="com.Bilal_AbbasIshq.Bilal_AbbasIshq.windowhandle" name="WindowHandles" time="70.209"/>
  <system-out/>
</testsuite> <!-- com.Bilal_AbbasIshq.Bilal_AbbasIshq.windowhandle -->
