<?xml version="1.0" encoding="UTF-8"?>
<!-- Generated by org.testng.reporters.JUnitReportReporter -->
<testsuite hostname="DESKTOP-ENVFPHJ" failures="0" tests="1" name="com.Bilal_AbbasIshq.Bilal_AbbasIshq.frame_demo" time="13.996" errors="0" timestamp="2024-05-07T18:06:00 EDT" skipped="0">
  <testcase classname="com.Bilal_AbbasIshq.Bilal_AbbasIshq.frame_demo" name="frame" time="13.996"/>
  <system-out/>
</testsuite> <!-- com.Bilal_AbbasIshq.Bilal_AbbasIshq.frame_demo -->
