<?xml version="1.0" encoding="UTF-8"?>
<!-- Generated by org.testng.reporters.JUnitReportReporter -->
<testsuite hostname="DESKTOP-ENVFPHJ" failures="0" tests="1" name="com.Bilal_AbbasIshq.Bilal_AbbasIshq.dell_prct" time="32.894" errors="0" timestamp="2024-05-13T07:56:10 EDT" skipped="0">
  <testcase classname="com.Bilal_AbbasIshq.Bilal_AbbasIshq.dell_prct" name="dell" time="32.894"/>
  <system-out/>
</testsuite> <!-- com.Bilal_AbbasIshq.Bilal_AbbasIshq.dell_prct -->
