<?xml version="1.0" encoding="UTF-8"?>
<!-- Generated by org.testng.reporters.JUnitReportReporter -->
<testsuite hostname="DESKTOP-ENVFPHJ" failures="0" tests="1" name="com.Bilal_AbbasIshq.Bilal_AbbasIshq.framework2" time="14.029" errors="0" timestamp="2024-05-07T16:57:54 EDT" skipped="0">
  <testcase classname="com.Bilal_AbbasIshq.Bilal_AbbasIshq.framework2" name="frame" time="14.029"/>
  <system-out/>
</testsuite> <!-- com.Bilal_AbbasIshq.Bilal_AbbasIshq.framework2 -->
