<?xml version="1.0" encoding="UTF-8"?>
<!-- Generated by org.testng.reporters.JUnitReportReporter -->
<testsuite hostname="DESKTOP-ENVFPHJ" failures="0" tests="1" name="com.Bilal_AbbasIshq.Bilal_AbbasIshq.ebay_prct" time="15.481" errors="0" timestamp="2024-05-07T18:19:15 EDT" skipped="0">
  <testcase classname="com.Bilal_AbbasIshq.Bilal_AbbasIshq.ebay_prct" name="dropdown" time="15.481"/>
  <system-out/>
</testsuite> <!-- com.Bilal_AbbasIshq.Bilal_AbbasIshq.ebay_prct -->
